<?xml version="1.0" encoding="UTF-8" ?>
<testsuites disabled="0" errors="0" failures="0" tests="1" time="1.713">
 <testsuite name="angularjs homepage todo list" timestamp="2018-07-07T21:22:04" hostname="localhost" time="1.713" errors="0" tests="1" skipped="0" disabled="0" failures="0">
  <testcase classname="angularjs homepage todo list" name="opening home page" time="1.712" />
 </testsuite>
</testsuites>